Build started 19/05/2015 4:44:41 p. m..
     1>Project "C:\APLICACIONES_MURO\BIOS-INTERACTIVEVIDEOWALL\BUILD\ZERO_CHECK.vcxproj" on node 2 (build target(s)).
     1>PrepareForBuild:
         Creating directory "C:\APLICACIONES_MURO\BIOS-INTERACTIVEVIDEOWALL\BUILD\Release\".
       InitializeBuildStatus:
         Creating "Win32\Release\ZERO_CHECK\ZERO_CHECK.unsuccessfulbuild" because "AlwaysCreate" was specified.
       CustomBuild:
         Checking Build System
         CMake does not need to re-run because C:/APLICACIONES_MURO/BIOS-INTERACTIVEVIDEOWALL/BUILD/CMakeFiles/generate.stamp is up-to-date.
         CMake does not need to re-run because C:/APLICACIONES_MURO/BIOS-INTERACTIVEVIDEOWALL/BUILD/3rdparty/cvblob/CMakeFiles/generate.stamp is up-to-date.
         CMake does not need to re-run because C:/APLICACIONES_MURO/BIOS-INTERACTIVEVIDEOWALL/BUILD/3rdparty/cvblob/lib/CMakeFiles/generate.stamp is up-to-date.
         CMake does not need to re-run because C:/APLICACIONES_MURO/BIOS-INTERACTIVEVIDEOWALL/BUILD/apps/InteractiveVideoWall/CMakeFiles/generate.stamp is up-to-date.
         CMake does not need to re-run because C:/APLICACIONES_MURO/BIOS-INTERACTIVEVIDEOWALL/BUILD/apps/MultiHandInteractionTUIO/CMakeFiles/generate.stamp is up-to-date.
         CMake does not need to re-run because C:/APLICACIONES_MURO/BIOS-INTERACTIVEVIDEOWALL/BUILD/apps/MultiUserInteractionTUIO/CMakeFiles/generate.stamp is up-to-date.
         CMake does not need to re-run because C:/APLICACIONES_MURO/BIOS-INTERACTIVEVIDEOWALL/BUILD/apps/VideoPlayer/CMakeFiles/generate.stamp is up-to-date.
       FinalizeBuildStatus:
         Deleting file "Win32\Release\ZERO_CHECK\ZERO_CHECK.unsuccessfulbuild".
         Touching "Win32\Release\ZERO_CHECK\ZERO_CHECK.lastbuildstate".
     1>Done Building Project "C:\APLICACIONES_MURO\BIOS-INTERACTIVEVIDEOWALL\BUILD\ZERO_CHECK.vcxproj" (build target(s)).

Build succeeded.

Time Elapsed 00:00:00.07
